
POST /api/auth/login 11-11-2022_01:30:31
GET /api/users/current 11-11-2022_01:30:54
GET /api/users/current 11-11-2022_01:31:46
POST /api/auth/login 11-11-2022_01:34:23
GET /api/users/current 11-11-2022_01:34:39
GET /api/users/current 11-11-2022_01:42:13
GET /api/users/current 11-11-2022_01:42:37
POST /api/auth/login 11-11-2022_01:43:04
POST /api/auth/login 11-11-2022_01:43:15
GET /api/users/current 11-11-2022_01:43:27
GET /api/users/current 11-11-2022_02:01:42
POST /api/auth/register 11-11-2022_02:17:05
POST /api/auth/register 11-11-2022_02:17:42
POST /api/auth/register/ 11-11-2022_02:51:34
POST /api/auth/login/ 11-11-2022_02:52:46
POST /api/notices/ 11-11-2022_02:53:19
GET /api/users/ 11-11-2022_03:02:21
GET /api/users/current 11-11-2022_03:03:35
GET /api/users/current 11-11-2022_03:05:34
GET /api/users/current 11-11-2022_03:09:46
GET /api/users/current 11-11-2022_03:11:06